\BOOKMARK [0][-]{chapter.1}{\376\377\000C\000l\000a\000s\000s\000i\000c\000a\000l\000\040\000G\000r\000o\000u\000p\000s}{}% 1
\BOOKMARK [1][-]{section.1.1}{\376\377\000D\000e\000f\000i\000n\000i\000t\000i\000o\000n}{chapter.1}% 2
\BOOKMARK [1][-]{section.1.2}{\376\377\000S\000u\000b\000g\000r\000o\000u\000p\000s}{chapter.1}% 3
\BOOKMARK [0][-]{chapter.2}{\376\377\000A\000u\000t\000o\000m\000o\000r\000p\000h\000i\000c\000\040\000F\000o\000r\000m\000s}{}% 4
\BOOKMARK [1][-]{section.2.1}{\376\377\000A\000r\000c\000h\000i\000m\000e\000d\000e\000a\000n\000\040\000A\000u\000t\000o\000m\000o\000r\000p\000h\000i\000c\000\040\000F\000o\000r\000m}{chapter.2}% 5
\BOOKMARK [1][-]{section.2.2}{\376\377\000A\000d\000e\000l\000i\000c\000\040\000A\000u\000t\000o\000m\000o\000r\000p\000h\000i\000c\000\040\000F\000o\000r\000m}{chapter.2}% 6
\BOOKMARK [1][-]{section.2.3}{\376\377\000M\000o\000d\000u\000l\000a\000r\000\040\000F\000o\000r\000m\000s}{chapter.2}% 7
\BOOKMARK [0][-]{chapter.3}{\376\377\000A\000u\000t\000o\000m\000o\000r\000p\000h\000i\000c\000\040\000R\000e\000p\000r\000e\000s\000e\000n\000t\000a\000t\000i\000o\000n\000s}{}% 8
\BOOKMARK [1][-]{section.3.1}{\376\377\000L\000o\000c\000a\000l\000\040\000R\000e\000p\000r\000e\000s\000e\000n\000t\000a\000t\000i\000o\000n\000\040\000T\000h\000e\000o\000r\000y}{chapter.3}% 9
\BOOKMARK [1][-]{section.3.2}{\376\377\000A\000u\000t\000o\000m\000o\000r\000p\000h\000i\000c\000\040\000R\000e\000p\000r\000e\000s\000e\000n\000t\000a\000t\000i\000o\000n\000s}{chapter.3}% 10
\BOOKMARK [0][-]{chapter.4}{\376\377\000E\000i\000s\000e\000n\000s\000t\000e\000i\000n\000\040\000S\000e\000r\000i\000e\000s}{}% 11
\BOOKMARK [1][-]{section.4.1}{\376\377\000E\000i\000s\000e\000n\000s\000t\000e\000i\000n\000\040\000S\000e\000r\000i\000e\000s}{chapter.4}% 12
\BOOKMARK [1][-]{section.4.2}{\376\377\000C\000l\000a\000s\000s\000i\000c\000a\000l\000\040\000E\000i\000s\000e\000n\000s\000t\000e\000i\000n\000\040\000S\000e\000r\000i\000e\000s}{chapter.4}% 13
\BOOKMARK [0][-]{chapter.5}{\376\377\000C\000o\000n\000s\000t\000a\000n\000t\000\040\000T\000e\000r\000m\000s\000\040\000o\000f\000\040\000E\000i\000s\000e\000n\000s\000t\000e\000i\000n\000\040\000S\000e\000r\000i\000e\000s}{}% 14
\BOOKMARK [1][-]{section.5.1}{\376\377\000D\000e\000f\000i\000n\000i\000t\000i\000o\000n\000\040\000a\000n\000d\000\040\000R\000o\000l\000e}{chapter.5}% 15
\BOOKMARK [1][-]{section.5.2}{\376\377\000C\000o\000n\000s\000t\000a\000n\000t\000\040\000T\000e\000r\000m\000s\000\040\000o\000f\000\040\000E\000i\000s\000e\000n\000s\000t\000e\000i\000n\000\040\000S\000e\000r\000i\000e\000s}{chapter.5}% 16
\BOOKMARK [0][-]{chapter.6}{\376\377\000S\000i\000e\000g\000e\000l\000\040\000P\000h\000i\000\040\000F\000u\000n\000c\000t\000i\000o\000n}{}% 17
\BOOKMARK [1][-]{section.6.1}{\376\377\000C\000o\000n\000s\000t\000a\000n\000t\000\040\000T\000e\000r\000m\000s}{chapter.6}% 18
\BOOKMARK [1][-]{section.6.2}{\376\377\000S\000i\000e\000g\000e\000l\000\040\000M\000o\000d\000u\000l\000a\000r\000\040\000F\000o\000r\000m\000s}{chapter.6}% 19
\BOOKMARK [0][-]{chapter.7}{\376\377\000L\000-\000F\000u\000n\000c\000t\000i\000o\000n\000s}{}% 20
\BOOKMARK [1][-]{section.7.1}{\376\377\000L\000-\000F\000u\000n\000c\000t\000i\000o\000n\000s\000\040\000f\000o\000r\000\040\000`\0003\003\001\0009\000`\0004\0002\000`\000"\003\007\0006\0001\0003\000A\000`\000`\0004\0005\000`\0004\0007\000`\000"\0006\0000\0003\000A\000G\000L\000n\000`\0003\003\001\0009\000`\0004\0002\000`\000"\003\007\0006\0001\0003\000A\000`\000`\0004\0005\000`\0004\0007\000`\000"\0006\0000\0003\000A\000G\000L\000m}{chapter.7}% 21
\BOOKMARK [1][-]{section.7.2}{\376\377\000L\000-\000F\000u\000n\000c\000t\000i\000o\000n\000s\000\040\000f\000o\000r\000\040\000C\000l\000a\000s\000s\000i\000c\000a\000l\000\040\000G\000r\000o\000u\000p\000s}{chapter.7}% 22
\BOOKMARK [1][-]{section.7.3}{\376\377\000A\000u\000t\000o\000m\000o\000r\000p\000h\000i\000c\000\040\000L\000-\000F\000u\000n\000c\000t\000i\000o\000n\000s}{chapter.7}% 23
\BOOKMARK [0][-]{chapter.8}{\376\377\000P\000o\000l\000e\000s\000\040\000o\000f\000\040\000R\000e\000s\000i\000d\000u\000a\000l\000\040\000E\000i\000s\000e\000n\000s\000t\000e\000i\000n\000\040\000S\000e\000r\000i\000e\000s}{}% 24
\BOOKMARK [1][-]{section.8.1}{\376\377\000R\000e\000s\000i\000d\000u\000a\000l\000\040\000E\000i\000s\000e\000n\000s\000t\000e\000i\000n\000\040\000S\000e\000r\000i\000e\000s}{chapter.8}% 25
\BOOKMARK [1][-]{section.8.2}{\376\377\000T\000h\000e\000\040\000C\000o\000n\000s\000t\000a\000n\000t\000\040\000T\000e\000r\000m}{chapter.8}% 26
\BOOKMARK [1][-]{section.8.3}{\376\377\000A\000n\000a\000l\000y\000s\000i\000n\000g\000\040\000t\000h\000e\000\040\000I\000n\000t\000e\000r\000t\000w\000i\000n\000i\000n\000g\000\040\000O\000p\000e\000r\000a\000t\000o\000r}{chapter.8}% 27
\BOOKMARK [1][-]{section.8.4}{\376\377\000C\000o\000n\000c\000l\000u\000d\000i\000n\000g\000\040\000R\000e\000m\000a\000r\000k\000s}{chapter.8}% 28
\BOOKMARK [0][-]{appendix.A}{\376\377\000T\000e\000s\000t}{}% 29
