This is LuaHBTeX, Version 1.17.0 (MiKTeX 23.5) (format=lualatex 2023.9.24)  24 SEP 2024 22:38
 restricted system commands enabled.
**main.tex
(./main.tex
LaTeX2e <2023-06-01> patch level 1
L3 programming layer <2023-06-30>
Lua module: luaotfload 2022-10-03 3.23 Lua based OpenType font support
Lua module: lualibs 2022-10-04 2.75 ConTeXt Lua standard libraries.
Lua module: lualibs-extended 2022-10-04 2.75 ConTeXt Lua libraries -- extended c
ollection.
luaotfload | conf : Root cache directory is "C:/Users/riley/AppData/Local/MiKTeX
/luatex-cache/generic/names".
luaotfload | init : Loading fontloader "fontloader-2022-10-03.lua" from kpse-res
olved path "C:/Users/riley/AppData/Local/Programs/MiKTeX/tex/luatex/luaotfload/f
ontloader-2022-10-03.lua".
Lua-only attribute luaotfload@noligature = 1
luaotfload | init : Context OpenType loader version 3.120
Inserting `luaotfload.node_processor' in `pre_linebreak_filter'.
Inserting `luaotfload.node_processor' in `hpack_filter'.
Inserting `luaotfload.glyph_stream' in `glyph_stream_provider'.
Inserting `luaotfload.define_font' in `define_font'.
Lua-only attribute luaotfload_color_attribute = 2
luaotfload | conf : Root cache directory is "C:/Users/riley/AppData/Local/MiKTeX
/luatex-cache/generic/names".
Inserting `luaotfload.harf.strip_prefix' in `find_opentype_file'.
Inserting `luaotfload.harf.strip_prefix' in `find_truetype_file'.
Removing  `luaotfload.glyph_stream' from `glyph_stream_provider'.
Inserting `luaotfload.harf.glyphstream' in `glyph_stream_provider'.
Inserting `luaotfload.harf.finalize_vlist' in `post_linebreak_filter'.
Inserting `luaotfload.harf.finalize_hlist' in `hpack_filter'.
Inserting `luaotfload.cleanup_files' in `wrapup_run'.
Inserting `luaotfload.harf.finalize_unicode' in `finish_pdffile'.
Inserting `luaotfload.glyphinfo' in `glyph_info'.
Lua-only attribute luaotfload.letterspace_done = 3
Inserting `luaotfload.aux.set_sscale_dimens' in `luaotfload.patch_font'.
Inserting `luaotfload.aux.set_font_index' in `luaotfload.patch_font'.
Inserting `luaotfload.aux.patch_cambria_domh' in `luaotfload.patch_font'.
Inserting `luaotfload.aux.fixup_fontdata' in `luaotfload.patch_font_unsafe'.
Inserting `luaotfload.aux.set_capheight' in `luaotfload.patch_font'.
Inserting `luaotfload.aux.set_xheight' in `luaotfload.patch_font'.
Inserting `luaotfload.rewrite_fontname' in `luaotfload.patch_font'.
Inserting `tracingstacklevels' in `input_level_string'. (C:/Users/riley/AppData
/Local/Programs/MiKTeX/tex/latex/base/book.cls
Document Class: book 2023/05/17 v1.4n Standard LaTeX document class
(C:/Users/riley/AppData/Local/Programs/MiKTeX/tex/latex/base/bk12.clo
File: bk12.clo 2023/05/17 v1.4n Standard LaTeX file (size option)
luaotfload | db : Font names database loaded from C:/Users/riley/AppData/Local/M
iKTeX/luatex-cache/generic/names/luaotfload-names.luc.gz)
\c@part=\count183
\c@chapter=\count184
\c@section=\count185
\c@subsection=\count186
\c@subsubsection=\count187
\c@paragraph=\count188
\c@subparagraph=\count189
\c@figure=\count190
\c@table=\count191
\abovecaptionskip=\skip48
\belowcaptionskip=\skip49
\bibindent=\dimen139
)
(C:/Users/riley/AppData/Local/Programs/MiKTeX/tex/latex/base/inputenc.sty
Package: inputenc 2021/02/14 v1.3d Input encoding file
\inpenc@prehook=\toks17
\inpenc@posthook=\toks18


Package inputenc Warning: inputenc package ignored with utf8 based engines.

) (C:/Users/riley/AppData/Local/Programs/MiKTeX/tex/latex/geometry/geometry.sty
Package: geometry 2020/01/02 v5.9 Page Geometry
(C:/Users/riley/AppData/Local/Programs/MiKTeX/tex/latex/graphics/keyval.sty
Package: keyval 2022/05/29 v1.15 key=value parser (DPC)
\KV@toks@=\toks19
)
(C:/Users/riley/AppData/Local/Programs/MiKTeX/tex/generic/iftex/ifvtex.sty
Package: ifvtex 2019/10/25 v1.7 ifvtex legacy package. Use iftex instead.

(C:/Users/riley/AppData/Local/Programs/MiKTeX/tex/generic/iftex/iftex.sty
Package: iftex 2022/02/03 v1.0f TeX engine tests
))
\Gm@cnth=\count192
\Gm@cntv=\count193
\c@Gm@tempcnt=\count194
\Gm@bindingoffset=\dimen140
\Gm@wd@mp=\dimen141
\Gm@odd@mp=\dimen142
\Gm@even@mp=\dimen143
\Gm@layoutwidth=\dimen144
\Gm@layoutheight=\dimen145
\Gm@layouthoffset=\dimen146
\Gm@layoutvoffset=\dimen147
\Gm@dimlist=\toks20

(C:/Users/riley/AppData/Local/Programs/MiKTeX/tex/latex/geometry/geometry.cfg)) (C:/Users/riley/AppData/Local/Programs/MiKTeX/tex/latex/graphics/graphicx.sty
Package: graphicx 2021/09/16 v1.2d Enhanced LaTeX Graphics (DPC,SPQR)

(C:/Users/riley/AppData/Local/Programs/MiKTeX/tex/latex/graphics/graphics.sty
Package: graphics 2022/03/10 v1.4e Standard LaTeX Graphics (DPC,SPQR)

(C:/Users/riley/AppData/Local/Programs/MiKTeX/tex/latex/graphics/trig.sty
Package: trig 2021/08/11 v1.11 sin cos tan (DPC)
)
(C:/Users/riley/AppData/Local/Programs/MiKTeX/tex/latex/graphics-cfg/graphics.c
fg
File: graphics.cfg 2016/06/04 v1.11 sample graphics configuration
)
Package graphics Info: Driver file: luatex.def on input line 107.

(C:/Users/riley/AppData/Local/Programs/MiKTeX/tex/latex/graphics-def/luatex.def
File: luatex.def 2022/09/22 v1.2d Graphics/color driver for luatex
))
\Gin@req@height=\dimen148
\Gin@req@width=\dimen149
) (C:/Users/riley/AppData/Local/Programs/MiKTeX/tex/latex/tikz-cd/tikz-cd.sty
Package: tikz-cd 2021/05/04 v1.0 Commutative diagrams with TikZ

(C:/Users/riley/AppData/Local/Programs/MiKTeX/tex/latex/pgf/frontendlayer/tikz.
sty
(C:/Users/riley/AppData/Local/Programs/MiKTeX/tex/latex/pgf/basiclayer/pgf.sty
(C:/Users/riley/AppData/Local/Programs/MiKTeX/tex/latex/pgf/utilities/pgfrcs.st
y
(C:/Users/riley/AppData/Local/Programs/MiKTeX/tex/generic/pgf/utilities/pgfutil
-common.tex
\pgfutil@everybye=\toks21
\pgfutil@tempdima=\dimen150
\pgfutil@tempdimb=\dimen151
)
(C:/Users/riley/AppData/Local/Programs/MiKTeX/tex/generic/pgf/utilities/pgfutil
-latex.def
\pgfutil@abb=\box51
)
(C:/Users/riley/AppData/Local/Programs/MiKTeX/tex/generic/pgf/utilities/pgfrcs.
code.tex
(C:/Users/riley/AppData/Local/Programs/MiKTeX/tex/generic/pgf/pgf.revision.tex)
Package: pgfrcs 2023-01-15 v3.1.10 (3.1.10)
))
Package: pgf 2023-01-15 v3.1.10 (3.1.10)

(C:/Users/riley/AppData/Local/Programs/MiKTeX/tex/latex/pgf/basiclayer/pgfcore.
sty
(C:/Users/riley/AppData/Local/Programs/MiKTeX/tex/latex/pgf/systemlayer/pgfsys.
sty
(C:/Users/riley/AppData/Local/Programs/MiKTeX/tex/generic/pgf/systemlayer/pgfsy
s.code.tex
Package: pgfsys 2023-01-15 v3.1.10 (3.1.10)

(C:/Users/riley/AppData/Local/Programs/MiKTeX/tex/generic/pgf/utilities/pgfkeys
.code.tex
\pgfkeys@pathtoks=\toks22
\pgfkeys@temptoks=\toks23

(C:/Users/riley/AppData/Local/Programs/MiKTeX/tex/generic/pgf/utilities/pgfkeys
libraryfiltered.code.tex
\pgfkeys@tmptoks=\toks24
))
\pgf@x=\dimen152
\pgf@y=\dimen153
\pgf@xa=\dimen154
\pgf@ya=\dimen155
\pgf@xb=\dimen156
\pgf@yb=\dimen157
\pgf@xc=\dimen158
\pgf@yc=\dimen159
\pgf@xd=\dimen160
\pgf@yd=\dimen161
\w@pgf@writea=\write3
\r@pgf@reada=\read2
\c@pgf@counta=\count195
\c@pgf@countb=\count196
\c@pgf@countc=\count197
\c@pgf@countd=\count198
\t@pgf@toka=\toks25
\t@pgf@tokb=\toks26
\t@pgf@tokc=\toks27
\pgf@sys@id@count=\count199

(C:/Users/riley/AppData/Local/Programs/MiKTeX/tex/generic/pgf/systemlayer/pgf.c
fg
File: pgf.cfg 2023-01-15 v3.1.10 (3.1.10)
)
Driver file for pgf: pgfsys-luatex.def

(C:/Users/riley/AppData/Local/Programs/MiKTeX/tex/generic/pgf/systemlayer/pgfsy
s-luatex.def
File: pgfsys-luatex.def 2023-01-15 v3.1.10 (3.1.10)

(C:/Users/riley/AppData/Local/Programs/MiKTeX/tex/generic/pgf/systemlayer/pgfsy
s-common-pdf.def
File: pgfsys-common-pdf.def 2023-01-15 v3.1.10 (3.1.10)
)))
(C:/Users/riley/AppData/Local/Programs/MiKTeX/tex/generic/pgf/systemlayer/pgfsy
ssoftpath.code.tex
File: pgfsyssoftpath.code.tex 2023-01-15 v3.1.10 (3.1.10)
\pgfsyssoftpath@smallbuffer@items=\count266
\pgfsyssoftpath@bigbuffer@items=\count267
)
(C:/Users/riley/AppData/Local/Programs/MiKTeX/tex/generic/pgf/systemlayer/pgfsy
sprotocol.code.tex
File: pgfsysprotocol.code.tex 2023-01-15 v3.1.10 (3.1.10)
))
(C:/Users/riley/AppData/Local/Programs/MiKTeX/tex/latex/xcolor/xcolor.sty
Package: xcolor 2022/06/12 v2.14 LaTeX color extensions (UK)

(C:/Users/riley/AppData/Local/Programs/MiKTeX/tex/latex/graphics-cfg/color.cfg
File: color.cfg 2016/01/02 v1.6 sample color configuration
)
Package xcolor Info: Driver file: luatex.def on input line 227.
(C:/Users/riley/AppData/Local/Programs/MiKTeX/tex/latex/graphics/mathcolor.ltx)
Package xcolor Info: Model `cmy' substituted by `cmy0' on input line 1353.
Package xcolor Info: Model `hsb' substituted by `rgb' on input line 1357.
Package xcolor Info: Model `RGB' extended on input line 1369.
Package xcolor Info: Model `HTML' substituted by `rgb' on input line 1371.
Package xcolor Info: Model `Hsb' substituted by `hsb' on input line 1372.
Package xcolor Info: Model `tHsb' substituted by `hsb' on input line 1373.
Package xcolor Info: Model `HSB' substituted by `hsb' on input line 1374.
Package xcolor Info: Model `Gray' substituted by `gray' on input line 1375.
Package xcolor Info: Model `wave' substituted by `hsb' on input line 1376.
)
(C:/Users/riley/AppData/Local/Programs/MiKTeX/tex/generic/pgf/basiclayer/pgfcor
e.code.tex
Package: pgfcore 2023-01-15 v3.1.10 (3.1.10)

(C:/Users/riley/AppData/Local/Programs/MiKTeX/tex/generic/pgf/math/pgfmath.code
.tex
(C:/Users/riley/AppData/Local/Programs/MiKTeX/tex/generic/pgf/math/pgfmathutil.
code.tex)
(C:/Users/riley/AppData/Local/Programs/MiKTeX/tex/generic/pgf/math/pgfmathparse
r.code.tex
\pgfmath@dimen=\dimen162
\pgfmath@count=\count268
\pgfmath@box=\box52
\pgfmath@toks=\toks28
\pgfmath@stack@operand=\toks29
\pgfmath@stack@operation=\toks30
)
(C:/Users/riley/AppData/Local/Programs/MiKTeX/tex/generic/pgf/math/pgfmathfunct
ions.code.tex)
(C:/Users/riley/AppData/Local/Programs/MiKTeX/tex/generic/pgf/math/pgfmathfunct
ions.basic.code.tex)
(C:/Users/riley/AppData/Local/Programs/MiKTeX/tex/generic/pgf/math/pgfmathfunct
ions.trigonometric.code.tex)
(C:/Users/riley/AppData/Local/Programs/MiKTeX/tex/generic/pgf/math/pgfmathfunct
ions.random.code.tex)
(C:/Users/riley/AppData/Local/Programs/MiKTeX/tex/generic/pgf/math/pgfmathfunct
ions.comparison.code.tex)
(C:/Users/riley/AppData/Local/Programs/MiKTeX/tex/generic/pgf/math/pgfmathfunct
ions.base.code.tex)
(C:/Users/riley/AppData/Local/Programs/MiKTeX/tex/generic/pgf/math/pgfmathfunct
ions.round.code.tex)
(C:/Users/riley/AppData/Local/Programs/MiKTeX/tex/generic/pgf/math/pgfmathfunct
ions.misc.code.tex)
(C:/Users/riley/AppData/Local/Programs/MiKTeX/tex/generic/pgf/math/pgfmathfunct
ions.integerarithmetics.code.tex)
(C:/Users/riley/AppData/Local/Programs/MiKTeX/tex/generic/pgf/math/pgfmathcalc.
code.tex)
(C:/Users/riley/AppData/Local/Programs/MiKTeX/tex/generic/pgf/math/pgfmathfloat
.code.tex
\c@pgfmathroundto@lastzeros=\count269
))
(C:/Users/riley/AppData/Local/Programs/MiKTeX/tex/generic/pgf/math/pgfint.code.
tex)
(C:/Users/riley/AppData/Local/Programs/MiKTeX/tex/generic/pgf/basiclayer/pgfcor
epoints.code.tex
File: pgfcorepoints.code.tex 2023-01-15 v3.1.10 (3.1.10)
\pgf@picminx=\dimen163
\pgf@picmaxx=\dimen164
\pgf@picminy=\dimen165
\pgf@picmaxy=\dimen166
\pgf@pathminx=\dimen167
\pgf@pathmaxx=\dimen168
\pgf@pathminy=\dimen169
\pgf@pathmaxy=\dimen170
\pgf@xx=\dimen171
\pgf@xy=\dimen172
\pgf@yx=\dimen173
\pgf@yy=\dimen174
\pgf@zx=\dimen175
\pgf@zy=\dimen176
)
(C:/Users/riley/AppData/Local/Programs/MiKTeX/tex/generic/pgf/basiclayer/pgfcor
epathconstruct.code.tex
File: pgfcorepathconstruct.code.tex 2023-01-15 v3.1.10 (3.1.10)
\pgf@path@lastx=\dimen177
\pgf@path@lasty=\dimen178
)
(C:/Users/riley/AppData/Local/Programs/MiKTeX/tex/generic/pgf/basiclayer/pgfcor
epathusage.code.tex
File: pgfcorepathusage.code.tex 2023-01-15 v3.1.10 (3.1.10)
\pgf@shorten@end@additional=\dimen179
\pgf@shorten@start@additional=\dimen180
)
(C:/Users/riley/AppData/Local/Programs/MiKTeX/tex/generic/pgf/basiclayer/pgfcor
escopes.code.tex
File: pgfcorescopes.code.tex 2023-01-15 v3.1.10 (3.1.10)
\pgfpic=\box53
\pgf@hbox=\box54
\pgf@layerbox@main=\box55
\pgf@picture@serial@count=\count270
)
(C:/Users/riley/AppData/Local/Programs/MiKTeX/tex/generic/pgf/basiclayer/pgfcor
egraphicstate.code.tex
File: pgfcoregraphicstate.code.tex 2023-01-15 v3.1.10 (3.1.10)
\pgflinewidth=\dimen181
)
(C:/Users/riley/AppData/Local/Programs/MiKTeX/tex/generic/pgf/basiclayer/pgfcor
etransformations.code.tex
File: pgfcoretransformations.code.tex 2023-01-15 v3.1.10 (3.1.10)
\pgf@pt@x=\dimen182
\pgf@pt@y=\dimen183
\pgf@pt@temp=\dimen184
)
(C:/Users/riley/AppData/Local/Programs/MiKTeX/tex/generic/pgf/basiclayer/pgfcor
equick.code.tex
File: pgfcorequick.code.tex 2023-01-15 v3.1.10 (3.1.10)
)
(C:/Users/riley/AppData/Local/Programs/MiKTeX/tex/generic/pgf/basiclayer/pgfcor
eobjects.code.tex
File: pgfcoreobjects.code.tex 2023-01-15 v3.1.10 (3.1.10)
)
(C:/Users/riley/AppData/Local/Programs/MiKTeX/tex/generic/pgf/basiclayer/pgfcor
epathprocessing.code.tex
File: pgfcorepathprocessing.code.tex 2023-01-15 v3.1.10 (3.1.10)
)
(C:/Users/riley/AppData/Local/Programs/MiKTeX/tex/generic/pgf/basiclayer/pgfcor
earrows.code.tex
File: pgfcorearrows.code.tex 2023-01-15 v3.1.10 (3.1.10)
\pgfarrowsep=\dimen185
)
(C:/Users/riley/AppData/Local/Programs/MiKTeX/tex/generic/pgf/basiclayer/pgfcor
eshade.code.tex
File: pgfcoreshade.code.tex 2023-01-15 v3.1.10 (3.1.10)
\pgf@max=\dimen186
\pgf@sys@shading@range@num=\count271
\pgf@shadingcount=\count272
)
(C:/Users/riley/AppData/Local/Programs/MiKTeX/tex/generic/pgf/basiclayer/pgfcor
eimage.code.tex
File: pgfcoreimage.code.tex 2023-01-15 v3.1.10 (3.1.10)
)
(C:/Users/riley/AppData/Local/Programs/MiKTeX/tex/generic/pgf/basiclayer/pgfcor
eexternal.code.tex
File: pgfcoreexternal.code.tex 2023-01-15 v3.1.10 (3.1.10)
\pgfexternal@startupbox=\box56
)
(C:/Users/riley/AppData/Local/Programs/MiKTeX/tex/generic/pgf/basiclayer/pgfcor
elayers.code.tex
File: pgfcorelayers.code.tex 2023-01-15 v3.1.10 (3.1.10)
)
(C:/Users/riley/AppData/Local/Programs/MiKTeX/tex/generic/pgf/basiclayer/pgfcor
etransparency.code.tex
File: pgfcoretransparency.code.tex 2023-01-15 v3.1.10 (3.1.10)
)
(C:/Users/riley/AppData/Local/Programs/MiKTeX/tex/generic/pgf/basiclayer/pgfcor
epatterns.code.tex
File: pgfcorepatterns.code.tex 2023-01-15 v3.1.10 (3.1.10)
)
(C:/Users/riley/AppData/Local/Programs/MiKTeX/tex/generic/pgf/basiclayer/pgfcor
erdf.code.tex
File: pgfcorerdf.code.tex 2023-01-15 v3.1.10 (3.1.10)
)))
(C:/Users/riley/AppData/Local/Programs/MiKTeX/tex/generic/pgf/modules/pgfmodule
shapes.code.tex
File: pgfmoduleshapes.code.tex 2023-01-15 v3.1.10 (3.1.10)
\pgfnodeparttextbox=\box57
)
(C:/Users/riley/AppData/Local/Programs/MiKTeX/tex/generic/pgf/modules/pgfmodule
plot.code.tex
File: pgfmoduleplot.code.tex 2023-01-15 v3.1.10 (3.1.10)
)
(C:/Users/riley/AppData/Local/Programs/MiKTeX/tex/latex/pgf/compatibility/pgfco
mp-version-0-65.sty
Package: pgfcomp-version-0-65 2023-01-15 v3.1.10 (3.1.10)
\pgf@nodesepstart=\dimen187
\pgf@nodesepend=\dimen188
)
(C:/Users/riley/AppData/Local/Programs/MiKTeX/tex/latex/pgf/compatibility/pgfco
mp-version-1-18.sty
Package: pgfcomp-version-1-18 2023-01-15 v3.1.10 (3.1.10)
))
(C:/Users/riley/AppData/Local/Programs/MiKTeX/tex/latex/pgf/utilities/pgffor.st
y
(C:/Users/riley/AppData/Local/Programs/MiKTeX/tex/latex/pgf/utilities/pgfkeys.s
ty
(C:/Users/riley/AppData/Local/Programs/MiKTeX/tex/generic/pgf/utilities/pgfkeys
.code.tex))
(C:/Users/riley/AppData/Local/Programs/MiKTeX/tex/latex/pgf/math/pgfmath.sty
(C:/Users/riley/AppData/Local/Programs/MiKTeX/tex/generic/pgf/math/pgfmath.code
.tex))
(C:/Users/riley/AppData/Local/Programs/MiKTeX/tex/generic/pgf/utilities/pgffor.
code.tex
Package: pgffor 2023-01-15 v3.1.10 (3.1.10)
\pgffor@iter=\dimen189
\pgffor@skip=\dimen190
\pgffor@stack=\toks31
\pgffor@toks=\toks32
))
(C:/Users/riley/AppData/Local/Programs/MiKTeX/tex/generic/pgf/frontendlayer/tik
z/tikz.code.tex
Package: tikz 2023-01-15 v3.1.10 (3.1.10)

(C:/Users/riley/AppData/Local/Programs/MiKTeX/tex/generic/pgf/libraries/pgflibr
aryplothandlers.code.tex
File: pgflibraryplothandlers.code.tex 2023-01-15 v3.1.10 (3.1.10)
\pgf@plot@mark@count=\count273
\pgfplotmarksize=\dimen191
)
\tikz@lastx=\dimen192
\tikz@lasty=\dimen193
\tikz@lastxsaved=\dimen194
\tikz@lastysaved=\dimen195
\tikz@lastmovetox=\dimen196
\tikz@lastmovetoy=\dimen197
\tikzleveldistance=\dimen198
\tikzsiblingdistance=\dimen199
\tikz@figbox=\box58
\tikz@figbox@bg=\box59
\tikz@tempbox=\box60
\tikz@tempbox@bg=\box61
\tikztreelevel=\count274
\tikznumberofchildren=\count275
\tikznumberofcurrentchild=\count276
\tikz@fig@count=\count277

(C:/Users/riley/AppData/Local/Programs/MiKTeX/tex/generic/pgf/modules/pgfmodule
matrix.code.tex
File: pgfmodulematrix.code.tex 2023-01-15 v3.1.10 (3.1.10)
\pgfmatrixcurrentrow=\count278
\pgfmatrixcurrentcolumn=\count279
\pgf@matrix@numberofcolumns=\count280
)
\tikz@expandcount=\count281

(C:/Users/riley/AppData/Local/Programs/MiKTeX/tex/generic/pgf/frontendlayer/tik
z/libraries/tikzlibrarytopaths.code.tex
File: tikzlibrarytopaths.code.tex 2023-01-15 v3.1.10 (3.1.10)
)))
(C:/Users/riley/AppData/Local/Programs/MiKTeX/tex/latex/tikz-cd/tikzlibrarycd.c
ode.tex
(C:/Users/riley/AppData/Local/Programs/MiKTeX/tex/generic/pgf/frontendlayer/tik
z/libraries/tikzlibrarymatrix.code.tex
File: tikzlibrarymatrix.code.tex 2023-01-15 v3.1.10 (3.1.10)
)
(C:/Users/riley/AppData/Local/Programs/MiKTeX/tex/generic/pgf/frontendlayer/tik
z/libraries/tikzlibraryquotes.code.tex
File: tikzlibraryquotes.code.tex 2023-01-15 v3.1.10 (3.1.10)
)
(C:/Users/riley/AppData/Local/Programs/MiKTeX/tex/generic/pgf/libraries/pgflibr
aryarrows.meta.code.tex
File: pgflibraryarrows.meta.code.tex 2023-01-15 v3.1.10 (3.1.10)
\pgfarrowinset=\dimen256
\pgfarrowlength=\dimen257
\pgfarrowwidth=\dimen258
\pgfarrowlinewidth=\dimen259
)))
(C:/Users/riley/AppData/Local/Programs/MiKTeX/tex/latex/jknappen/mathrsfs.sty
Package: mathrsfs 1996/01/01 Math RSFS package v1.0 (jk)
\symrsfs=\mathgroup4
)
(C:/Users/riley/AppData/Local/Programs/MiKTeX/tex/latex/amsfonts/amsfonts.sty
Package: amsfonts 2013/01/14 v3.01 Basic AMSFonts support
\@emptytoks=\toks33
\symAMSa=\mathgroup5
\symAMSb=\mathgroup6
LaTeX Font Info:    Redeclaring math symbol \hbar on input line 98.
LaTeX Font Info:    Overwriting math alphabet `\mathfrak' in version `bold'
(Font)                  U/euf/m/n --> U/euf/b/n on input line 106.
)
(C:/Users/riley/AppData/Local/Programs/MiKTeX/tex/generic/soul/soul.sty
Package: soul 2023-06-14 v3.1 Permit use of UTF-8 characters in soul (HO)

(C:/Users/riley/AppData/Local/Programs/MiKTeX/tex/generic/soul/soul-ori.sty
Package: soul-ori 2023-06-14 v3.1 letterspacing/underlining (mf)
\SOUL@word=\toks34
\SOUL@lasttoken=\toks35
\SOUL@syllable=\toks36
\SOUL@cmds=\toks37
\SOUL@buffer=\toks38
\SOUL@token=\toks39
\SOUL@syllgoal=\dimen260
\SOUL@syllwidth=\dimen261
\SOUL@charkern=\dimen262
\SOUL@hyphkern=\dimen263
\SOUL@dimen=\dimen264
\SOUL@dimeni=\dimen265
\SOUL@minus=\count282
\SOUL@comma=\count283
\SOUL@apo=\count284
\SOUL@grave=\count285
\SOUL@spaceskip=\skip50
\SOUL@ttwidth=\dimen266
\SOUL@uldp=\dimen267
\SOUL@ulht=\dimen268
)
(C:/Users/riley/AppData/Local/Programs/MiKTeX/tex/generic/infwarerr/infwarerr.s
ty
Package: infwarerr 2019/12/03 v1.5 Providing info/warning/error messages (HO)
)
(C:/Users/riley/AppData/Local/Programs/MiKTeX/tex/generic/etexcmds/etexcmds.sty
Package: etexcmds 2019/12/15 v1.7 Avoid name clashes with e-TeX commands (HO)
))
(C:/Users/riley/AppData/Local/Programs/MiKTeX/tex/latex/stmaryrd/stmaryrd.sty
Package: stmaryrd 1994/03/03 St Mary's Road symbol package
\symstmry=\mathgroup7
LaTeX Font Info:    Overwriting symbol font `stmry' in version `bold'
(Font)                  U/stmry/m/n --> U/stmry/b/n on input line 89.
)
(C:/Users/riley/AppData/Local/Programs/MiKTeX/tex/latex/amscls/amsthm.sty
Package: amsthm 2020/05/29 v2.20.6
\thm@style=\toks40
\thm@bodyfont=\toks41
\thm@headfont=\toks42
\thm@notefont=\toks43
\thm@headpunct=\toks44
\thm@preskip=\skip51
\thm@postskip=\skip52
\thm@headsep=\skip53
\dth@everypar=\toks45
)
(C:/Users/riley/AppData/Local/Programs/MiKTeX/tex/latex/amsmath/amsmath.sty
Package: amsmath 2023/05/13 v2.17o AMS math features
\@mathmargin=\skip54

For additional information on amsmath, use the `?' option.
(C:/Users/riley/AppData/Local/Programs/MiKTeX/tex/latex/amsmath/amstext.sty
Package: amstext 2021/08/26 v2.01 AMS text

(C:/Users/riley/AppData/Local/Programs/MiKTeX/tex/latex/amsmath/amsgen.sty
File: amsgen.sty 1999/11/30 v2.0 generic functions
\@emptytoks=\toks46
\ex@=\dimen269
))
(C:/Users/riley/AppData/Local/Programs/MiKTeX/tex/latex/amsmath/amsbsy.sty
Package: amsbsy 1999/11/29 v1.2d Bold Symbols
\pmbraise@=\dimen270
)
(C:/Users/riley/AppData/Local/Programs/MiKTeX/tex/latex/amsmath/amsopn.sty
Package: amsopn 2022/04/08 v2.04 operator names
)
\inf@bad=\count286
LaTeX Info: Redefining \frac on input line 236.
\uproot@=\count287
\leftroot@=\count288
LaTeX Info: Redefining \overline on input line 399.
LaTeX Info: Redefining \colon on input line 410.
\classnum@=\count289
\DOTSCASE@=\count290
LaTeX Info: Redefining \ldots on input line 496.
LaTeX Info: Redefining \dots on input line 499.
LaTeX Info: Redefining \cdots on input line 620.
\Mathstrutbox@=\box62
\strutbox@=\box63
LaTeX Info: Redefining \big on input line 722.
LaTeX Info: Redefining \Big on input line 723.
LaTeX Info: Redefining \bigg on input line 724.
LaTeX Info: Redefining \Bigg on input line 725.
\big@size=\dimen271
LaTeX Font Info:    Redeclaring font encoding OML on input line 743.
LaTeX Font Info:    Redeclaring font encoding OMS on input line 744.
\macc@depth=\count291
LaTeX Info: Redefining \bmod on input line 905.
LaTeX Info: Redefining \pmod on input line 910.
LaTeX Info: Redefining \smash on input line 940.
LaTeX Info: Redefining \relbar on input line 970.
LaTeX Info: Redefining \Relbar on input line 971.
\c@MaxMatrixCols=\count292
\dotsspace@=\muskip16
\c@parentequation=\count293
\dspbrk@lvl=\count294
\tag@help=\toks47
\row@=\count295
\column@=\count296
\maxfields@=\count297
\andhelp@=\toks48
\eqnshift@=\dimen272
\alignsep@=\dimen273
\tagshift@=\dimen274
\tagwidth@=\dimen275
\totwidth@=\dimen276
\lineht@=\dimen277
\@envbody=\toks49
\multlinegap=\skip55
\multlinetaggap=\skip56
\mathdisplay@stack=\toks50
LaTeX Info: Redefining \[ on input line 2953.
LaTeX Info: Redefining \] on input line 2954.
)
(C:/Users/riley/AppData/Local/Programs/MiKTeX/tex/latex/amsfonts/amssymb.sty
Package: amssymb 2013/01/14 v3.01 AMS font symbols
LaTeX Font Info:    Redeclaring math symbol \boxdot on input line 44.
)
(C:/Users/riley/AppData/Local/Programs/MiKTeX/tex/latex/mathtools/mathtools.sty
Package: mathtools 2022/06/29 v1.29 mathematical typesetting tools
(C:/Users/riley/AppData/Local/Programs/MiKTeX/tex/latex/tools/calc.sty
Package: calc 2017/05/25 v4.3 Infix arithmetic (KKT,FJ)
\calc@Acount=\count298
\calc@Bcount=\count299
\calc@Adimen=\dimen278
\calc@Bdimen=\dimen279
\calc@Askip=\skip57
\calc@Bskip=\skip58
LaTeX Info: Redefining \setlength on input line 80.
LaTeX Info: Redefining \addtolength on input line 81.
\calc@Ccount=\count300
\calc@Cskip=\skip59
)
(C:/Users/riley/AppData/Local/Programs/MiKTeX/tex/latex/mathtools/mhsetup.sty
Package: mhsetup 2021/03/18 v1.4 programming setup (MH)
)
\g_MT_multlinerow_int=\count301
\l_MT_multwidth_dim=\dimen280
\origjot=\skip60
\l_MT_shortvdotswithinadjustabove_dim=\dimen281
\l_MT_shortvdotswithinadjustbelow_dim=\dimen282
\l_MT_above_intertext_sep=\dimen283
\l_MT_below_intertext_sep=\dimen284
\l_MT_above_shortintertext_sep=\dimen285
\l_MT_below_shortintertext_sep=\dimen286
\xmathstrut@box=\box64
\xmathstrut@dim=\dimen287
)
(C:/Users/riley/AppData/Local/Programs/MiKTeX/tex/latex/extarrows/extarrows.sty
Package: extarrows 2020/03/12 v1.2.0 Some extensible arrows
) (C:/Users/riley/AppData/Local/Programs/MiKTeX/tex/latex/interval/interval.sty
Package: interval 2019/03/06 v0.4
) (C:/Users/riley/AppData/Local/Programs/MiKTeX/tex/latex/bbm/bbm.sty
Package: bbm 1999/03/15 V 1.2 provides fonts for set symbols - TH
LaTeX Font Info:    Overwriting math alphabet `\mathbbm' in version `bold'
(Font)                  U/bbm/m/n --> U/bbm/bx/n on input line 33.
LaTeX Font Info:    Overwriting math alphabet `\mathbbmss' in version `bold'
(Font)                  U/bbmss/m/n --> U/bbmss/bx/n on input line 35.
)
(C:/Users/riley/AppData/Local/Programs/MiKTeX/tex/generic/babel/babel.sty
Package: babel 2023/07/15 v3.92 The Babel package

(C:/Users/riley/AppData/Local/Programs/MiKTeX/tex/generic/babel/luababel.def
\bbl@readstream=\read3
\l@afrikaans=\language2
Package babel Info: Non-standard hyphenation setup on input line 118.
\l@ancientgreek=\language3
\l@armenian=\language4
\l@assamese=\language5
\l@basque=\language6
\l@belarusian=\language7
\l@bengali=\language8
\l@bokmal=\language9
\l@bulgarian=\language10
\l@catalan=\language11
\l@churchslavonic=\language12
\l@classiclatin=\language13
\l@coptic=\language14
\l@croatian=\language15
\l@czech=\language16
\l@danish=\language17
\l@dutch=\language18
\l@esperanto=\language19
\l@estonian=\language20
\l@ethiopic=\language21
\l@finnish=\language22
\l@french=\language23
\l@friulan=\language24
\l@galician=\language25
\l@georgian=\language26
\l@german=\language27
\l@greek=\language28
\l@gujarati=\language29
\l@hindi=\language30
\l@hungarian=\language31
\l@icelandic=\language32
\l@indonesian=\language33
\l@interlingua=\language34
\l@irish=\language35
\l@italian=\language36
\l@kannada=\language37
\l@kurmanji=\language38
\l@latin=\language39
\l@latvian=\language40
\l@lithuanian=\language41
\l@liturgicallatin=\language42
\l@macedonian=\language43
\l@malayalam=\language44
\l@marathi=\language45
\l@mongolian=\language46
\l@mongolianlmc=\language47
\l@monogreek=\language48
\l@ngerman=\language49
\l@nynorsk=\language50
\l@occitan=\language51
\l@oriya=\language52
\l@pali=\language53
\l@panjabi=\language54
\l@piedmontese=\language55
\l@polish=\language56
\l@portuguese=\language57
\l@romanian=\language58
\l@romansh=\language59
\l@russian=\language60
\l@sanskrit=\language61
\l@serbian=\language62
\l@serbianc=\language63
\l@slovak=\language64
\l@slovenian=\language65
\l@spanish=\language66
\l@swedish=\language67
\l@swissgerman=\language68
\l@tamil=\language69
\l@telugu=\language70
\l@thai=\language71
\l@turkish=\language72
\l@turkmen=\language73
\l@ukenglish=\language74
\l@ukrainian=\language75
\l@uppersorbian=\language76
\l@usenglishmax=\language77
\l@welsh=\language78
\babelcatcodetablenum=\catcodetable14
\bbl@pattcodes=\catcodetable15
)
\babel@savecnt=\count302
\U@D=\dimen288
\l@unhyphenated=\language79

(C:/Users/riley/AppData/Local/Programs/MiKTeX/tex/generic/babel/luababel.def
\bbl@attr@locale=\attribute4
)
*************************************
* Local config file bblopts.cfg used
*
(C:/Users/riley/AppData/Local/Programs/MiKTeX/tex/latex/arabi/bblopts.cfg
File: bblopts.cfg 2005/09/08 v0.1 add Arabic and Farsi to "declared" options of
 babel
)
(C:/Users/riley/AppData/Local/Programs/MiKTeX/tex/latex/babel-english/english.l
df
Language: english 2017/06/06 v3.3r English support from the babel system
Package babel Info: Hyphen rules for 'canadian' set to \l@english
(babel)             (\language0). Reported on input line 102.
Package babel Info: Hyphen rules for 'australian' set to \l@ukenglish
(babel)             (\language74). Reported on input line 105.
Package babel Info: Hyphen rules for 'newzealand' set to \l@ukenglish
(babel)             (\language74). Reported on input line 108.
))
(C:/Users/riley/AppData/Local/Programs/MiKTeX/tex/generic/babel/locale/en/babel
-english.tex
Package babel Info: Importing font and identification data for english
(babel)             from babel-en.ini. Reported on input line 11.
)
(C:/Users/riley/AppData/Local/Programs/MiKTeX/tex/latex/romannum/romannum.sty
Package: romannum 2009/09/03 v1.0b roman numerals

(C:/Users/riley/AppData/Local/Programs/MiKTeX/tex/latex/stdclsdv/stdclsdv.sty
Package: stdclsdv 2009/09/04 v1.1a Sectional divisions
)) (C:/Users/riley/AppData/Local/Programs/MiKTeX/tex/latex/setspace/setspace.st
y
Package: setspace 2022/12/04 v6.7b set line spacing
) (C:/Users/riley/AppData/Local/Programs/MiKTeX/tex/latex/listings/listings.sty
\lst@mode=\count303
\lst@gtempboxa=\box65
\lst@token=\toks51
\lst@length=\count304
\lst@currlwidth=\dimen289
\lst@column=\count305
\lst@pos=\count306
\lst@lostspace=\dimen290
\lst@width=\dimen291
\lst@newlines=\count307
\lst@lineno=\count308
\lst@maxwidth=\dimen292

(C:/Users/riley/AppData/Local/Programs/MiKTeX/tex/latex/listings/lstmisc.sty
File: lstmisc.sty 2023/02/27 1.9 (Carsten Heinz)
\c@lstnumber=\count309
\lst@skipnumbers=\count310
\lst@framebox=\box66
)
(C:/Users/riley/AppData/Local/Programs/MiKTeX/tex/latex/listings/listings.cfg
File: listings.cfg 2023/02/27 1.9 listings configuration
))
Package: listings 2023/02/27 1.9 (Carsten Heinz)
(C:/Users/riley/AppData/Local/Programs/MiKTeX/tex/latex/pdfpages/pdfpages.sty
Package: pdfpages 2024/01/21 v0.5y Insert pages of external PDF documents (AM)

(C:/Users/riley/AppData/Local/Programs/MiKTeX/tex/latex/base/ifthen.sty
Package: ifthen 2022/04/13 v1.1d Standard LaTeX ifthen package (DPC)
)
(C:/Users/riley/AppData/Local/Programs/MiKTeX/tex/latex/eso-pic/eso-pic.sty
Package: eso-pic 2023/05/03 v3.0c eso-pic (RN)
\ESO@tempdima=\dimen293
\ESO@tempdimb=\dimen294
)
\AM@pagewidth=\dimen295
\AM@pageheight=\dimen296
\AM@fboxrule=\dimen297

(C:/Users/riley/AppData/Local/Programs/MiKTeX/tex/latex/pdfpages/ppluatex.def
File: ppluatex.def 2024/01/21 v0.5y Pdfpages driver for LuaTeX (AM)
)
\pdfpages@includegraphics@status=\count311
\AM@pagebox=\box67
\AM@global@opts=\toks52
\AM@pagecnt=\count312
\AM@toc@title=\toks53
\AM@lof@heading=\toks54
\c@AM@survey=\count313
\AM@templatesizebox=\box68
) (C:/Users/riley/AppData/Local/Programs/MiKTeX/tex/latex/hyperref/hyperref.sty
Package: hyperref 2023-07-08 v7.01b Hypertext links for LaTeX

(C:/Users/riley/AppData/Local/Programs/MiKTeX/tex/generic/ltxcmds/ltxcmds.sty
Package: ltxcmds 2020-05-10 v1.25 LaTeX kernel commands for general use (HO)
)
(C:/Users/riley/AppData/Local/Programs/MiKTeX/tex/generic/pdftexcmds/pdftexcmds
.sty
Package: pdftexcmds 2020-06-27 v0.33 Utility functions of pdfTeX for LuaTeX (HO
)
Package pdftexcmds Info: \pdf@primitive is available.
Package pdftexcmds Info: \pdf@ifprimitive is available.
Package pdftexcmds Info: \pdfdraftmode found.
\pdftexcmds@toks=\toks55
)
(C:/Users/riley/AppData/Local/Programs/MiKTeX/tex/latex/kvsetkeys/kvsetkeys.sty
Package: kvsetkeys 2022-10-05 v1.19 Key value parser (HO)
)
(C:/Users/riley/AppData/Local/Programs/MiKTeX/tex/generic/kvdefinekeys/kvdefine
keys.sty
Package: kvdefinekeys 2019-12-19 v1.6 Define keys (HO)
)
(C:/Users/riley/AppData/Local/Programs/MiKTeX/tex/generic/pdfescape/pdfescape.s
ty
Package: pdfescape 2019/12/09 v1.15 Implements pdfTeX's escape features (HO)
) (C:/Users/riley/AppData/Local/Programs/MiKTeX/tex/latex/hycolor/hycolor.sty
Package: hycolor 2020-01-27 v1.10 Color options for hyperref/bookmark (HO)
)
(C:/Users/riley/AppData/Local/Programs/MiKTeX/tex/latex/letltxmacro/letltxmacro
.sty
Package: letltxmacro 2019/12/03 v1.6 Let assignment for LaTeX macros (HO)
)
(C:/Users/riley/AppData/Local/Programs/MiKTeX/tex/latex/auxhook/auxhook.sty
Package: auxhook 2019-12-17 v1.6 Hooks for auxiliary files (HO)
)
(C:/Users/riley/AppData/Local/Programs/MiKTeX/tex/latex/hyperref/nameref.sty
Package: nameref 2023-08-07 v2.53 Cross-referencing by name of section

(C:/Users/riley/AppData/Local/Programs/MiKTeX/tex/latex/refcount/refcount.sty
Package: refcount 2019/12/15 v3.6 Data extraction from label references (HO)
)
(C:/Users/riley/AppData/Local/Programs/MiKTeX/tex/generic/gettitlestring/gettit
lestring.sty
Package: gettitlestring 2019/12/15 v1.6 Cleanup title references (HO)

(C:/Users/riley/AppData/Local/Programs/MiKTeX/tex/latex/kvoptions/kvoptions.sty
Package: kvoptions 2022-06-15 v3.15 Key value format for package options (HO)
))
\c@section@level=\count314
)
(C:/Users/riley/AppData/Local/Programs/MiKTeX/tex/latex/etoolbox/etoolbox.sty
Package: etoolbox 2020/10/05 v2.5k e-TeX tools for LaTeX (JAW)
\etb@tempcnta=\count315
)
\@linkdim=\dimen298
\Hy@linkcounter=\count316
\Hy@pagecounter=\count317

(C:/Users/riley/AppData/Local/Programs/MiKTeX/tex/latex/hyperref/pd1enc.def
File: pd1enc.def 2023-07-08 v7.01b Hyperref: PDFDocEncoding definition (HO)
)
(C:/Users/riley/AppData/Local/Programs/MiKTeX/tex/generic/intcalc/intcalc.sty
Package: intcalc 2019/12/15 v1.3 Expandable calculations with integers (HO)
)
\Hy@SavedSpaceFactor=\count318

(C:/Users/riley/AppData/Local/Programs/MiKTeX/tex/latex/hyperref/puenc.def
File: puenc.def 2023-07-08 v7.01b Hyperref: PDF Unicode definition (HO)
)
Package hyperref Info: Hyper figures OFF on input line 4167.
Package hyperref Info: Link nesting OFF on input line 4172.
Package hyperref Info: Hyper index ON on input line 4175.
Package hyperref Info: Plain pages OFF on input line 4182.
Package hyperref Info: Backreferencing OFF on input line 4187.
Package hyperref Info: Implicit mode ON; LaTeX internals redefined.
Package hyperref Info: Bookmarks ON on input line 4434.
\c@Hy@tempcnt=\count319

(C:/Users/riley/AppData/Local/Programs/MiKTeX/tex/latex/url/url.sty
\Urlmuskip=\muskip17
Package: url 2013/09/16  ver 3.4  Verb mode for urls, etc.
)
LaTeX Info: Redefining \url on input line 4772.
\XeTeXLinkMargin=\dimen299

(C:/Users/riley/AppData/Local/Programs/MiKTeX/tex/generic/bitset/bitset.sty
Package: bitset 2019/12/09 v1.3 Handle bit-vector datatype (HO)

(C:/Users/riley/AppData/Local/Programs/MiKTeX/tex/generic/bigintcalc/bigintcalc
.sty
Package: bigintcalc 2019/12/15 v1.5 Expandable calculations on big integers (HO
)
))
\Fld@menulength=\count320
\Field@Width=\dimen300
\Fld@charsize=\dimen301
Package hyperref Info: Hyper figures OFF on input line 6051.
Package hyperref Info: Link nesting OFF on input line 6056.
Package hyperref Info: Hyper index ON on input line 6059.
Package hyperref Info: backreferencing OFF on input line 6066.
Package hyperref Info: Link coloring OFF on input line 6071.
Package hyperref Info: Link coloring with OCG OFF on input line 6076.
Package hyperref Info: PDF/A mode OFF on input line 6081.

(C:/Users/riley/AppData/Local/Programs/MiKTeX/tex/latex/base/atbegshi-ltx.sty
Package: atbegshi-ltx 2021/01/10 v1.0c Emulation of the original atbegshi
package with kernel methods
)
\Hy@abspage=\count321
\c@Item=\count322
\c@Hfootnote=\count323
)
Package hyperref Info: Driver (autodetected): hluatex.
(C:/Users/riley/AppData/Local/Programs/MiKTeX/tex/latex/hyperref/hluatex.def
File: hluatex.def 2023-07-08 v7.01b Hyperref driver for luaTeX

(C:/Users/riley/AppData/Local/Programs/MiKTeX/tex/generic/stringenc/stringenc.s
ty
Package: stringenc 2019/11/29 v1.12 Convert strings between diff. encodings (HO
)
)
(C:/Users/riley/AppData/Local/Programs/MiKTeX/tex/latex/base/atveryend-ltx.sty
Package: atveryend-ltx 2020/08/19 v1.0a Emulation of the original atveryend pac
kage
with kernel methods
)
\Fld@listcount=\count324
\c@bookmark@seq@number=\count325

(C:/Users/riley/AppData/Local/Programs/MiKTeX/tex/latex/rerunfilecheck/rerunfil
echeck.sty
Package: rerunfilecheck 2022-07-10 v1.10 Rerun checks for auxiliary files (HO)

(C:/Users/riley/AppData/Local/Programs/MiKTeX/tex/generic/uniquecounter/uniquec
ounter.sty
Package: uniquecounter 2019/12/15 v1.4 Provide unlimited unique counter (HO)
)
Package uniquecounter Info: New unique counter `rerunfilecheck' on input line 2
85.
)
\Hy@SectionHShift=\skip61
)
(C:/Users/riley/AppData/Local/Programs/MiKTeX/tex/latex/enumitem/enumitem.sty
Package: enumitem 2019/06/20 v3.9 Customized lists
\labelindent=\skip62
\enit@outerparindent=\dimen302
\enit@toks=\toks56
\enit@inbox=\box69
\enit@count@id=\count326
\enitdp@description=\count327
)
(C:/Users/riley/AppData/Local/Programs/MiKTeX/tex/latex/ragged2e/ragged2e.sty
Package: ragged2e 2023/06/22 v3.6 ragged2e Package
\CenteringLeftskip=\skip63
\RaggedLeftLeftskip=\skip64
\RaggedRightLeftskip=\skip65
\CenteringRightskip=\skip66
\RaggedLeftRightskip=\skip67
\RaggedRightRightskip=\skip68
\CenteringParfillskip=\skip69
\RaggedLeftParfillskip=\skip70
\RaggedRightParfillskip=\skip71
\JustifyingParfillskip=\skip72
\CenteringParindent=\skip73
\RaggedLeftParindent=\skip74
\RaggedRightParindent=\skip75
\JustifyingParindent=\skip76
)
(./minipreamble.tex (./quiver.sty
Package: quiver 2021/01/11 quiver

(C:/Users/riley/AppData/Local/Programs/MiKTeX/tex/generic/pgf/frontendlayer/tik
z/libraries/tikzlibrarycalc.code.tex
File: tikzlibrarycalc.code.tex 2023-01-15 v3.1.10 (3.1.10)
)
(C:/Users/riley/AppData/Local/Programs/MiKTeX/tex/generic/pgf/frontendlayer/tik
z/libraries/tikzlibrarydecorations.pathmorphing.code.tex
(C:/Users/riley/AppData/Local/Programs/MiKTeX/tex/generic/pgf/frontendlayer/tik
z/libraries/tikzlibrarydecorations.code.tex
(C:/Users/riley/AppData/Local/Programs/MiKTeX/tex/generic/pgf/modules/pgfmodule
decorations.code.tex
\pgfdecoratedcompleteddistance=\dimen303
\pgfdecoratedremainingdistance=\dimen304
\pgfdecoratedinputsegmentcompleteddistance=\dimen305
\pgfdecoratedinputsegmentremainingdistance=\dimen306
\pgf@decorate@distancetomove=\dimen307
\pgf@decorate@repeatstate=\count328
\pgfdecorationsegmentamplitude=\dimen308
\pgfdecorationsegmentlength=\dimen309
)
\tikz@lib@dec@box=\box70
)
(C:/Users/riley/AppData/Local/Programs/MiKTeX/tex/generic/pgf/libraries/decorat
ions/pgflibrarydecorations.pathmorphing.code.tex)))
(C:/Users/riley/AppData/Local/Programs/MiKTeX/tex/generic/pgf/frontendlayer/tik
z/libraries/tikzlibraryfit.code.tex
File: tikzlibraryfit.code.tex 2023-01-15 v3.1.10 (3.1.10)
)
(C:/Users/riley/AppData/Local/Programs/MiKTeX/tex/latex/comment/comment.sty
\CommentStream=\write4

Excluding comment 'comment')
(C:/Users/riley/AppData/Local/Programs/MiKTeX/tex/latex/csquotes/csquotes.sty
Package: csquotes 2022-09-14 v5.2n context-sensitive quotations (JAW)
\csq@reset=\count329
\csq@gtype=\count330
\csq@glevel=\count331
\csq@qlevel=\count332
\csq@maxlvl=\count333
\csq@tshold=\count334
\csq@ltx@everypar=\toks57

(C:/Users/riley/AppData/Local/Programs/MiKTeX/tex/latex/csquotes/csquotes.def
File: csquotes.def 2022-09-14 v5.2n csquotes generic definitions (JAW)
)
Package csquotes Info: Trying to load configuration file 'csquotes.cfg'...
Package csquotes Info: ... configuration file loaded successfully.

(C:/Users/riley/AppData/Local/Programs/MiKTeX/tex/latex/csquotes/csquotes.cfg
File: csquotes.cfg 
))
(C:/Users/riley/AppData/Local/Programs/MiKTeX/tex/latex/todonotes/todonotes.sty
Package: todonotes 2023/01/31 v1.1.6 Todonotes source and documentation.
Package: todonotes 2023/01/31
(C:/Users/riley/AppData/Local/Programs/MiKTeX/tex/latex/xkeyval/xkeyval.sty
Package: xkeyval 2022/06/16 v2.9 package option processing (HA)

(C:/Users/riley/AppData/Local/Programs/MiKTeX/tex/generic/xkeyval/xkeyval.tex
(C:/Users/riley/AppData/Local/Programs/MiKTeX/tex/generic/xkeyval/xkvutils.tex
\XKV@toks=\toks58
\XKV@tempa@toks=\toks59
)
\XKV@depth=\count335
File: xkeyval.tex 2014/12/03 v2.7a key=value parser (HA)
))
(C:/Users/riley/AppData/Local/Programs/MiKTeX/tex/generic/pgf/frontendlayer/tik
z/libraries/tikzlibrarypositioning.code.tex
File: tikzlibrarypositioning.code.tex 2023-01-15 v3.1.10 (3.1.10)
)
\c@@todonotes@numberoftodonotes=\count336
)
\c@theorem=\count337

(C:/Users/riley/AppData/Local/Programs/MiKTeX/tex/latex/framed/framed.sty
Package: framed 2011/10/22 v 0.96: framed or shaded text with page breaks
\OuterFrameSep=\skip77
\fb@frw=\dimen310
\fb@frh=\dimen311
\FrameRule=\dimen312
\FrameSep=\dimen313
))
Package csquotes Info: Checking for multilingual support...
Package csquotes Info: ... found 'babel' package.
Package csquotes Info: Adjusting default style.
Package csquotes Info: Redefining alias 'default' -> 'english'.

(C:/Users/riley/AppData/Local/Programs/MiKTeX/tex/latex/l3backend/l3backend-lua
tex.def
File: l3backend-luatex.def 2023-04-19 L3 backend support: PDF output (LuaTeX)
\l__color_backend_stack_int=\count338
Inserting `l3color' in `luaotfload.parse_color'.
\l__pdf_internal_box=\box71
) (./main.aux)
\openout1 = main.aux

LaTeX Font Info:    Checking defaults for OML/cmm/m/it on input line 76.
LaTeX Font Info:    ... okay on input line 76.
LaTeX Font Info:    Checking defaults for OMS/cmsy/m/n on input line 76.
LaTeX Font Info:    ... okay on input line 76.
LaTeX Font Info:    Checking defaults for OT1/cmr/m/n on input line 76.
LaTeX Font Info:    ... okay on input line 76.
LaTeX Font Info:    Checking defaults for T1/cmr/m/n on input line 76.
LaTeX Font Info:    ... okay on input line 76.
LaTeX Font Info:    Checking defaults for TS1/cmr/m/n on input line 76.
LaTeX Font Info:    Trying to load font information for TS1+cmr on input line 7
6.

(C:/Users/riley/AppData/Local/Programs/MiKTeX/tex/latex/base/ts1cmr.fd
File: ts1cmr.fd 2023/04/13 v2.5m Standard LaTeX font definitions
)
LaTeX Font Info:    ... okay on input line 76.
LaTeX Font Info:    Checking defaults for TU/lmr/m/n on input line 76.
LaTeX Font Info:    ... okay on input line 76.
LaTeX Font Info:    Checking defaults for OMX/cmex/m/n on input line 76.
LaTeX Font Info:    ... okay on input line 76.
LaTeX Font Info:    Checking defaults for U/cmr/m/n on input line 76.
LaTeX Font Info:    ... okay on input line 76.
LaTeX Font Info:    Checking defaults for PD1/pdf/m/n on input line 76.
LaTeX Font Info:    ... okay on input line 76.
LaTeX Font Info:    Checking defaults for PU/pdf/m/n on input line 76.
LaTeX Font Info:    ... okay on input line 76.

*geometry* driver: auto-detecting
*geometry* detected driver: luatex
*geometry* verbose mode - [ preamble ] result:
* driver: luatex
* paper: a4paper
* layout: <same size as paper>
* layoutoffset:(h,v)=(0.0pt,0.0pt)
* modes: includefoot twoside 
* h-part:(L,W,R)=(85.35826pt, 426.79135pt, 85.35826pt)
* v-part:(T,H,B)=(85.35826pt, 674.33032pt, 85.35826pt)
* \paperwidth=597.50787pt
* \paperheight=845.04684pt
* \textwidth=426.79135pt
* \textheight=644.33032pt
* \oddsidemargin=13.08827pt
* \evensidemargin=13.08827pt
* \topmargin=-18.78552pt
* \headheight=12.0pt
* \headsep=19.8738pt
* \topskip=12.0pt
* \footskip=30.0pt
* \marginparwidth=98.0pt
* \marginparsep=7.0pt
* \columnsep=10.0pt
* \skip\footins=10.8pt plus 4.0pt minus 2.0pt
* \hoffset=0.0pt
* \voffset=0.0pt
* \mag=1000
* \@twocolumnfalse
* \@twosidetrue
* \@mparswitchtrue
* \@reversemarginfalse
* (1in=72.27pt=25.4mm, 1cm=28.453pt)


(C:/Users/riley/AppData/Local/Programs/MiKTeX/tex/context/base/mkii/supp-pdf.mk
ii
[Loading MPS to PDF converter (version 2006.09.02).]
\scratchcounter=\count339
\scratchdimen=\dimen314
\scratchbox=\box72
\nofMPsegments=\count340
\nofMParguments=\count341
\everyMPshowfont=\toks60
\MPscratchCnt=\count342
\MPscratchDim=\dimen315
\MPnumerator=\count343
\makeMPintoPDFobject=\count344
\everyMPtoPDFconversion=\toks61
)
(C:/Users/riley/AppData/Local/Programs/MiKTeX/tex/latex/epstopdf-pkg/epstopdf-b
ase.sty
Package: epstopdf-base 2020-01-24 v2.11 Base part for package epstopdf
Package epstopdf-base Info: Redefining graphics rule for `.eps' on input line 4
85.

(C:/Users/riley/AppData/Local/Programs/MiKTeX/tex/latex/00miktex/epstopdf-sys.c
fg
File: epstopdf-sys.cfg 2021/03/18 v2.0 Configuration of epstopdf for MiKTeX
))
\c@lstlisting=\count345

(C:/Users/riley/AppData/Local/Programs/MiKTeX/tex/latex/pdflscape/pdflscape.sty
Package: pdflscape 2022-10-27 v0.13 Display of landscape pages in PDF

(C:/Users/riley/AppData/Local/Programs/MiKTeX/tex/latex/pdflscape/pdflscape-nom
etadata.sty
Package: pdflscape-nometadata 2022-10-28 v0.13 Display of landscape pages in PD
F (HO)

(C:/Users/riley/AppData/Local/Programs/MiKTeX/tex/latex/graphics/lscape.sty
Package: lscape 2020/05/28 v3.02 Landscape Pages (DPC)
)
Package pdflscape Info: Auto-detected driver: pdftex on input line 81.
))
Package hyperref Info: Link coloring OFF on input line 76.

(./main.out) (./main.out)
\@outlinefile=\write5

\openout5 = main.out
 Excluding 'comment' comment.
(./Chapters/acknowledgements.tex

Package todonotes Warning: Trying to put a shadow below a todonote,but the load
shadowlibrary option was not given when loadingthe todonotes package on input l
ine 9.

Package hyperref Info: bookmark level for unknown todo defaults to 0 on input l
ine 9.
) [1


{C:/Users/riley/AppData/Local/MiKTeX/fonts/map/pdftex/pdftex.map}]
(./Chapters/intro.tex
Overfull \hbox (12.23686pt too wide) in paragraph at lines 10--11
[]\TU/lmr/m/n/12 Chap-ter three is a dis-cus-sion of the con-cept of the con-sta
nt term in the Archimedean
 []

[2

]) [3] (./main.toc
LaTeX Font Info:    Trying to load font information for U+rsfs on input line 3.


(C:/Users/riley/AppData/Local/Programs/MiKTeX/tex/latex/jknappen/ursfs.fd
File: ursfs.fd 1998/03/24 rsfs font definition file (jk)
)
LaTeX Font Info:    Trying to load font information for U+msa on input line 3.

(C:/Users/riley/AppData/Local/Programs/MiKTeX/tex/latex/amsfonts/umsa.fd
File: umsa.fd 2013/01/14 v3.01 AMS symbols A
)
LaTeX Font Info:    Trying to load font information for U+msb on input line 3.

(C:/Users/riley/AppData/Local/Programs/MiKTeX/tex/latex/amsfonts/umsb.fd
File: umsb.fd 2013/01/14 v3.01 AMS symbols B
)
LaTeX Font Info:    Trying to load font information for U+stmry on input line 3
.

(C:/Users/riley/AppData/Local/Programs/MiKTeX/tex/latex/stmaryrd/ustmry.fd)
[4

])
\tf@toc=\write6

\openout6 = main.toc
 [1]

Package todonotes Warning: Trying to put a shadow below a todonote,but the load
shadowlibrary option was not given when loadingthe todonotes package on input l
ine 115.

[2

]
Chapter 1.
(./Chapters/classicalGroups.tex [3

] [4]
Underfull \vbox (badness 7221) has occurred while \output is active []

 [5]

Package todonotes Warning: Trying to put a shadow below a todonote,but the load
shadowlibrary option was not given when loadingthe todonotes package on input l
ine 78.


Package todonotes Warning: Trying to put a shadow below a todonote,but the load
shadowlibrary option was not given when loadingthe todonotes package on input l
ine 84.

[6]
Underfull \vbox (badness 2368) has occurred while \output is active []

 [7]
[8]

Package todonotes Warning: Trying to put a shadow below a todonote,but the load
shadowlibrary option was not given when loadingthe todonotes package on input l
ine 172.

[9]

Package todonotes Warning: Trying to put a shadow below a todonote,but the load
shadowlibrary option was not given when loadingthe todonotes package on input l
ine 197.


Package todonotes Warning: Trying to put a shadow below a todonote,but the load
shadowlibrary option was not given when loadingthe todonotes package on input l
ine 203.

[10] [11]) [12]
Chapter 2.
(./Chapters/automorphicForms.tex

Package todonotes Warning: Trying to put a shadow below a todonote,but the load
shadowlibrary option was not given when loadingthe todonotes package on input l
ine 7.


Package todonotes Warning: Trying to put a shadow below a todonote,but the load
shadowlibrary option was not given when loadingthe todonotes package on input l
ine 14.

[13

]
LaTeX Font Info:    Trying to load font information for U+euf on input line 16.

 (C:/Users/riley/AppData/Local/Programs/MiKTeX/tex/latex/amsfonts/ueuf.fd
File: ueuf.fd 2013/01/14 v3.01 Euler Fraktur
)
Underfull \vbox (badness 1596) has occurred while \output is active []

 [14]

Package todonotes Warning: Trying to put a shadow below a todonote,but the load
shadowlibrary option was not given when loadingthe todonotes package on input l
ine 52.

[15] [16] [17]

Package todonotes Warning: Trying to put a shadow below a todonote,but the load
shadowlibrary option was not given when loadingthe todonotes package on input l
ine 162.

[18]

Package todonotes Warning: Trying to put a shadow below a todonote,but the load
shadowlibrary option was not given when loadingthe todonotes package on input l
ine 180.

[19]

Package todonotes Warning: Trying to put a shadow below a todonote,but the load
shadowlibrary option was not given when loadingthe todonotes package on input l
ine 216.


Package todonotes Warning: Trying to put a shadow below a todonote,but the load
shadowlibrary option was not given when loadingthe todonotes package on input l
ine 218.

) [20]
Chapter 3.
(./Chapters/automorphicReps.tex
Overfull \hbox (26.33824pt too wide) in paragraph at lines 8--11
\TU/lmr/m/n/12 form. If $\OML/cmm/m/it/12 '\OT1/cmr/m/n/12 (\OML/cmm/m/it/12 x\
OT1/cmr/m/n/12 ) \OMS/cmsy/m/n/12 2 A\OT1/cmr/m/n/12 (\OML/cmm/m/it/12 U\OT1/cm
r/m/n/12 (\U/msb/m/n/12 A[]\OT1/cmr/m/n/12 )\OML/cmm/m/it/12 M\OT1/cmr/m/n/12 (\OML/cmm/m/it/12 F\OT1/cmr/m/n/12 )\OMS/cmsy/m/n/12 n\OML/cmm/m/it/12 G\OT1/cmr/m/n/12 (\U/msb/m/n/12 A[]\OT1/cmr/m/n/12 ))$ \TU/lmr/m/n/12 and $\OML/cmm/m/it/12 g \OMS/cmsy/m/n/12 2 \OML/cmm/m/it/12 G\OT1/cmr/m/n/12 (\U/msb/m/n/12 A[][][]\OT1/cmr/m/n/12 )$ \TU/lmr/m/n/12 then $\OML/cmm/m/it/12 '\OT1/cmr/m/n/12 (\OML/cmm/m/it/12 xg\OT1/cmr/m/n/12 ) \OMS/cmsy/m/n/12 2 A\OT1/cmr/m/n/12 (\OML/cmm/m/it/12 U\OT1/cmr/m/n/12 (\U/msb/m/n/12 A[]\OT1/cmr/m/n/12 )\OML/cmm/m/it/12 M\OT1/cmr/m/n/12 (\OML/cmm/m/it/12 F\OT1/cmr/m/n/12 )\OMS/cmsy/m/n/12 n\OML/cmm/m/it/12 G\OT1/cmr/m/n/12 (\U/msb/m/n/12 A[]\OT1/cmr/m/n/12 ))$\TU/lmr/m/n/12 .
 []

[21

]
Overfull \hbox (28.90265pt too wide) detected at line 34
[]
 []

[22] [23]

Package todonotes Warning: Trying to put a shadow below a todonote,but the load
shadowlibrary option was not given when loadingthe todonotes package on input l
ine 92.

[24] [25]) [26]
Chapter 4.
(./Chapters/Eis.tex

Package todonotes Warning: Trying to put a shadow below a todonote,but the load
shadowlibrary option was not given when loadingthe todonotes package on input l
ine 1.

[27

]
Underfull \vbox (badness 10000) has occurred while \output is active []

 [28]
Underfull \vbox (badness 2401) has occurred while \output is active []

 [29]
Underfull \vbox (badness 10000) has occurred while \output is active []

 [30]

Package todonotes Warning: Trying to put a shadow below a todonote,but the load
shadowlibrary option was not given when loadingthe todonotes package on input l
ine 92.


Underfull \vbox (badness 1173) has occurred while \output is active []

 [31])
[32]
Chapter 5.
(./Chapters/constantTerms.tex

Package todonotes Warning: Trying to put a shadow below a todonote,but the load
shadowlibrary option was not given when loadingthe todonotes package on input l
ine 13.

[33

]
Overfull \hbox (13.45853pt too wide) in paragraph at lines 39--40
\TU/lmr/m/n/12 This com-pu-ta-tion forms the heart of a well known the-o-rem, [[], Prop 10.4.2][[],
 []


Package todonotes Warning: Trying to put a shadow below a todonote,but the load
shadowlibrary option was not given when loadingthe todonotes package on input l
ine 42.


Package todonotes Warning: Trying to put a shadow below a todonote,but the load
shadowlibrary option was not given when loadingthe todonotes package on input l
ine 43.

[34] [35]

Package todonotes Warning: Trying to put a shadow below a todonote,but the load
shadowlibrary option was not given when loadingthe todonotes package on input l
ine 83.


Package todonotes Warning: Trying to put a shadow below a todonote,but the load
shadowlibrary option was not given when loadingthe todonotes package on input l
ine 89.


Package todonotes Warning: Trying to put a shadow below a todonote,but the load
shadowlibrary option was not given when loadingthe todonotes package on input l
ine 92.

[36]

Package todonotes Warning: Trying to put a shadow below a todonote,but the load
shadowlibrary option was not given when loadingthe todonotes package on input l
ine 110.

[37]
Overfull \hbox (6.46118pt too wide) in paragraph at lines 128--128
[]\TU/lmr/bx/n/14.4 Con-stant Term Of Eisen-stein Se-ries for Con-ju-gate Levis 
 []


LaTeX Warning: Reference `intertwining_operator' on page 38 undefined on input 
line 129.


Package todonotes Warning: Trying to put a shadow below a todonote,but the load
shadowlibrary option was not given when loadingthe todonotes package on input l
ine 141.

) [38]
Chapter 6.
(./Chapters/siegelPhi.tex [39

] [40]
Overfull \hbox (7.67148pt too wide) in paragraph at lines 50--51
[]\TU/lmr/m/n/12 The space of Siegel mod-u-lar forms of weight $\OML/cmm/m/it/1
2 k$ \TU/lmr/m/n/12 and genus g is de-noted $\OMS/cmsy/m/n/12 M[]\OT1/cmr/m/n/1
2 ([][](\U/msb/m/n/12 Z[]\OT1/cmr/m/n/12 ))$\TU/lmr/m/n/12 .
 []


Package todonotes Warning: Trying to put a shadow below a todonote,but the load
shadowlibrary option was not given when loadingthe todonotes package on input l
ine 57.

[41] [42]
Underfull \vbox (badness 10000) has occurred while \output is active []

 [43]

Package todonotes Warning: Trying to put a shadow below a todonote,but the load
shadowlibrary option was not given when loadingthe todonotes package on input l
ine 124.


Overfull \hbox (49.37234pt too wide) detected at line 185
[]
 []

[44]

Package todonotes Warning: Trying to put a shadow below a todonote,but the load
shadowlibrary option was not given when loadingthe todonotes package on input l
ine 195.


Underfull \vbox (badness 10000) has occurred while \output is active []

 [45]
Overfull \hbox (34.16978pt too wide) detected at line 201
[]
 []


Overfull \hbox (12.54347pt too wide) detected at line 211
[]
 []


Package todonotes Warning: Trying to put a shadow below a todonote,but the load
shadowlibrary option was not given when loadingthe todonotes package on input l
ine 213.


Package todonotes Warning: Trying to put a shadow below a todonote,but the load
shadowlibrary option was not given when loadingthe todonotes package on input l
ine 215.


Underfull \vbox (badness 10000) has occurred while \output is active []

 [46]
Overfull \hbox (78.94653pt too wide) detected at line 228
[]
 []


Overfull \hbox (18.02232pt too wide) in paragraph at lines 216--229
[][] 
 []


Underfull \hbox (badness 10000) in paragraph at lines 252--253
 []$\U/msa/m/n/12 $
 []

[47]) [48]
Chapter 7.
(./Chapters/Lfunctions.tex

LaTeX Warning: Citation `arthurLfunctionsAutomorphicRepresenta' on page 49 unde
fined on input line 4.

[49

]

LaTeX Warning: Citation `cogdellLECTURESINTEGRALREPRESENTATIONS' on page 50 und
efined on input line 37.


LaTeX Warning: Citation `arthurLecturesAutomorphicFunctions1991a' on page 50 un
defined on input line 37.


Package todonotes Warning: Trying to put a shadow below a todonote,but the load
shadowlibrary option was not given when loadingthe todonotes package on input l
ine 38.


Package todonotes Warning: Trying to put a shadow below a todonote,but the load
shadowlibrary option was not given when loadingthe todonotes package on input l
ine 39.

[50]

Package todonotes Warning: Trying to put a shadow below a todonote,but the load
shadowlibrary option was not given when loadingthe todonotes package on input l
ine 56.

) [51]
Chapter 8.
(./Chapters/polesOfEisensteinSeries.tex
Overfull \hbox (6.33286pt too wide) in paragraph at lines 1--2
\TU/lmr/m/n/12 Our goal here is to ex-posit and sur-vey the work in pa-pers such
 as [[]][[]][[]]
 []


LaTeX Warning: Reference `residual_spec' on page 52 undefined on input line 9.

[52

]

LaTeX Warning: Reference `residual_spec' on page 53 undefined on input line 15.


Excluding 'comment' comment.
Overfull \hbox (50.06859pt too wide) detected at line 44
\OML/cmm/m/it/12 E\OT1/cmr/m/n/12 (\OML/cmm/m/it/12 '; s\OT1/cmr/m/n/12 )[] = [
] [] [][] [][] \OML/cmm/m/it/12 s:'\OT1/cmr/m/n/12 (\OML/cmm/m/it/12 n[]n[]w[]m[]x\OT1/cmr/m/n/12 )\OML/cmm/m/it/12 dn[]dn[];
 []


Package todonotes Warning: Trying to put a shadow below a todonote,but the load
shadowlibrary option was not given when loadingthe todonotes package on input l
ine 45.

[53] [54]

LaTeX Warning: Reference `L_inter' on page 55 undefined on input line 81.


Overfull \hbox (1.93622pt too wide) in paragraph at lines 83--85
\TU/lmr/m/n/12 where $\OMS/cmsy/m/n/12 ^[]$ \TU/lmr/m/n/12 de-notes the ex-te-ri
or sec-ond power of the stan-dard rep-re-sen-ta-tion of $[][]\OT1/cmr/m/n/12 (\
U/msb/m/n/12 C[]\OT1/cmr/m/n/12 )$\TU/lmr/m/n/12 .
 []

) [55]
Appendix A.
[56

] (./main.tdo [57

])
\tf@tdo=\write7

\openout7 = main.tdo


Package todonotes Warning: Trying to put a shadow below a todonote,but the load
shadowlibrary option was not given when loadingthe todonotes package on input l
ine 148.

[58] (./main.bbl [59

] [60]
Underfull \hbox (badness 10000) in paragraph at lines 184--186
[]\TU/lmr/m/n/12 Lin-ear Rep-re-sen-ta-tions of Fi-nite Groups | Springer-Link.
 []

[61]
Underfull \hbox (badness 10000) in paragraph at lines 223--226
[]\TU/lmr/m/n/12 Notes for class on al-ge-braic groups.pdf.
 []


Underfull \hbox (badness 10000) in paragraph at lines 223--226
\TU/lmr/m/n/12 https://users.math.msu.edu/user-s/ruiterj2/Math-/-
 []


Underfull \hbox (badness 10000) in paragraph at lines 223--226
\TU/lmr/m/n/12 Doc-u-ments/-Sum-mer%202019/Al-ge-braic%20Group-
 []

[62]) [63] (./main.aux)
 ***********
LaTeX2e <2023-06-01> patch level 1
L3 programming layer <2023-06-30>
 ***********


LaTeX Warning: There were undefined references.

Package rerunfilecheck Info: File `main.out' has not changed.
(rerunfilecheck)             Checksum: 455A936CD3A7FEB1A020254035491BC3;4204.
)

Here is how much of LuaTeX's memory you used:
 30157 strings out of 477545
 125126,1977958 words of node,token memory allocated
 17503 words of node memory still in use:
   291 hlist, 32 vlist, 2 rule, 4 disc, 20 local_par, 400 glue, 10 kern, 23 pena
lty, 108 glyph, 2689 attribute, 75 glue_spec, 1346 attribute_list, 22 write, 20 
save_pos, 670 pdf_literal, 2 pdf_action, 20 pdf_colorstack nodes
   avail lists: 1:2,2:1802,3:286,4:608,5:998,6:75,7:5158,8:91,9:1255,10:24,11:37
1
 49957 multiletter control sequences out of 65536+600000
 60 fonts using 4446511 bytes
 98i,22n,98p,1220b,1207s stack positions out of 10000i,1000n,20000p,200000b,200000s
<//?/c:/users/riley/appdata/local/programs/miktex/fonts/opentype/public/lm/lmrom
an8-italic.otf><//?/c:/users/riley/appdata/local/programs/miktex/fonts/opentype/
public/lm/lmroman10-bolditalic.otf><//?/c:/users/riley/appdata/local/programs/mi
ktex/fonts/opentype/public/lm/lmroman12-italic.otf><//?/c:/users/riley/appdata/l
ocal/programs/miktex/fonts/opentype/public/lm/lmromanslant12-regular.otf><//?/c:
/users/riley/appdata/local/programs/miktex/fonts/opentype/public/lm/lmroman8-reg
ular.otf><//?/c:/users/riley/appdata/local/programs/miktex/fonts/opentype/public
/lm/lmroman12-regular.otf><//?/c:/users/riley/appdata/local/programs/miktex/font
s/opentype/public/lm/lmroman12-bold.otf><C:/Users/riley/AppData/Local/Programs/M
iKTeX/fonts/type1/public/amsfonts/cm/cmbx12.pfb><C:/Users/riley/AppData/Local/Pr
ograms/MiKTeX/fonts/type1/public/amsfonts/cm/cmex10.pfb><C:/Users/riley/AppData/
Local/Programs/MiKTeX/fonts/type1/public/amsfonts/cmextra/cmex8.pfb><C:/Users/ri
ley/AppData/Local/Programs/MiKTeX/fonts/type1/public/amsfonts/cm/cmmi12.pfb><C:/
Users/riley/AppData/Local/Programs/MiKTeX/fonts/type1/public/amsfonts/cm/cmmi6.p
fb><C:/Users/riley/AppData/Local/Programs/MiKTeX/fonts/type1/public/amsfonts/cm/
cmmi8.pfb><C:/Users/riley/AppData/Local/Programs/MiKTeX/fonts/type1/public/amsfo
nts/cm/cmr12.pfb><C:/Users/riley/AppData/Local/Programs/MiKTeX/fonts/type1/publi
c/amsfonts/cm/cmr6.pfb><C:/Users/riley/AppData/Local/Programs/MiKTeX/fonts/type1
/public/amsfonts/cm/cmr8.pfb><C:/Users/riley/AppData/Local/Programs/MiKTeX/fonts
/type1/public/amsfonts/cm/cmsy10.pfb><C:/Users/riley/AppData/Local/Programs/MiKT
eX/fonts/type1/public/amsfonts/cm/cmsy6.pfb><C:/Users/riley/AppData/Local/Progra
ms/MiKTeX/fonts/type1/public/amsfonts/cm/cmsy8.pfb><C:/Users/riley/AppData/Local
/Programs/MiKTeX/fonts/type1/public/amsfonts/euler/eufm10.pfb><C:/Users/riley/Ap
pData/Local/Programs/MiKTeX/fonts/type1/public/amsfonts/symbols/msam10.pfb><C:/U
sers/riley/AppData/Local/Programs/MiKTeX/fonts/type1/public/amsfonts/symbols/msb
m10.pfb><C:/Users/riley/AppData/Local/Programs/MiKTeX/fonts/type1/public/rsfs/rs
fs10.pfb>
Output written on main.pdf (67 pages, 544893 bytes).

PDF statistics: 937 PDF objects out of 1000 (max. 8388607)
 270 named destinations out of 1000 (max. 131072)
 224 words of extra memory for PDF output out of 10000 (max. 100000000)

