\BOOKMARK [0][-]{chapter.1}{\376\377\000C\000l\000a\000s\000s\000i\000c\000a\000l\000\040\000G\000r\000o\000u\000p\000s}{}% 1
\BOOKMARK [1][-]{section.1.1}{\376\377\000D\000e\000f\000i\000n\000i\000t\000i\000o\000n}{chapter.1}% 2
\BOOKMARK [1][-]{section.1.2}{\376\377\000S\000u\000b\000g\000r\000o\000u\000p\000s}{chapter.1}% 3
\BOOKMARK [1][-]{section.1.3}{\376\377\000M\000e\000t\000a\000p\000l\000e\000c\000t\000i\000c\000\040\000C\000o\000v\000e\000r\000s}{chapter.1}% 4
\BOOKMARK [0][-]{chapter.2}{\376\377\000A\000u\000t\000o\000m\000o\000r\000p\000h\000i\000c\000\040\000F\000o\000r\000m\000s}{}% 5
\BOOKMARK [1][-]{section.2.1}{\376\377\000D\000e\000f\000i\000n\000i\000t\000i\000o\000n\000\040\000a\000n\000d\000\040\000R\000o\000l\000e}{chapter.2}% 6
\BOOKMARK [1][-]{section.2.2}{\376\377\000M\000o\000d\000u\000l\000a\000r\000\040\000F\000o\000r\000m\000s}{chapter.2}% 7
\BOOKMARK [0][-]{chapter.3}{\376\377\000A\000u\000t\000o\000m\000o\000r\000p\000h\000i\000c\000\040\000R\000e\000p\000r\000e\000s\000e\000n\000t\000a\000t\000i\000o\000n\000s}{}% 8
\BOOKMARK [1][-]{section.3.1}{\376\377\000A\000t\000\040\000t\000h\000e\000\040\000I\000n\000f\000i\000n\000i\000t\000e\000\040\000P\000l\000a\000c\000e}{chapter.3}% 9
\BOOKMARK [1][-]{section.3.2}{\376\377\000\050\000g\000,\000\040\000K\000\051\000-\000M\000o\000d\000u\000l\000e\000s}{chapter.3}% 10
\BOOKMARK [1][-]{section.3.3}{\376\377\000H\000e\000c\000k\000e\000\040\000A\000l\000g\000e\000b\000r\000a}{chapter.3}% 11
\BOOKMARK [1][-]{section.3.4}{\376\377\000A\000u\000t\000o\000m\000o\000r\000p\000h\000i\000c\000\040\000R\000e\000p\000r\000e\000s\000e\000n\000t\000a\000t\000i\000o\000n\000s}{chapter.3}% 12
\BOOKMARK [1][-]{section.3.5}{\376\377\000E\000i\000s\000e\000n\000s\000t\000e\000i\000n\000\040\000S\000e\000r\000i\000e\000s}{chapter.3}% 13
\BOOKMARK [1][-]{section.3.6}{\376\377\000S\000p\000e\000c\000t\000r\000a\000l\000\040\000D\000e\000c\000o\000m\000p\000o\000s\000i\000t\000i\000o\000n}{chapter.3}% 14
\BOOKMARK [1][-]{section.3.7}{\376\377\000L\000-\000F\000u\000n\000c\000t\000i\000o\000n\000s}{chapter.3}% 15
\BOOKMARK [0][-]{chapter.4}{\376\377\000C\000o\000n\000s\000t\000a\000n\000t\000\040\000T\000e\000r\000m\000s}{}% 16
\BOOKMARK [1][-]{section.4.1}{\376\377\000D\000e\000f\000i\000n\000i\000t\000i\000o\000n\000\040\000a\000n\000d\000\040\000R\000o\000l\000e}{chapter.4}% 17
\BOOKMARK [1][-]{section.4.2}{\376\377\000I\000n\000t\000e\000g\000r\000a\000t\000i\000o\000n\000\040\000L\000e\000m\000m\000a\000s}{chapter.4}% 18
\BOOKMARK [1][-]{section.4.3}{\376\377\000C\000o\000n\000s\000t\000a\000n\000t\000\040\000T\000e\000r\000m\000s\000\040\000o\000f\000\040\000E\000i\000s\000e\000n\000s\000t\000e\000i\000n\000\040\000S\000e\000r\000i\000e\000s}{chapter.4}% 19
\BOOKMARK [1][-]{section.4.4}{\376\377\000S\000i\000e\000g\000e\000l\000\040\000P\000h\000i\000\040\000O\000p\000e\000r\000a\000t\000o\000r}{chapter.4}% 20
\BOOKMARK [0][-]{chapter.5}{\376\377\000P\000o\000l\000e\000s\000\040\000o\000f\000\040\000R\000e\000s\000i\000d\000u\000a\000l\000\040\000E\000i\000s\000e\000n\000s\000t\000e\000i\000n\000\040\000S\000e\000r\000i\000e\000s}{}% 21
\BOOKMARK [1][-]{section.5.1}{\376\377\000T\000h\000e\000i\000r\000\040\000R\000e\000s\000u\000l\000t\000s}{chapter.5}% 22
\BOOKMARK [1][-]{section.5.2}{\376\377\000O\000u\000r\000\040\000R\000e\000s\000u\000l\000t\000s}{chapter.5}% 23
\BOOKMARK [1][-]{section.5.3}{\376\377\000S\000e\000t\000u\000p}{chapter.5}% 24
\BOOKMARK [1][-]{section.5.4}{\376\377\000L\000e\000m\000m\000a\000\040\0001}{chapter.5}% 25
\BOOKMARK [0][-]{appendix.A}{\376\377\000M\000o\000t\000i\000v\000a\000t\000i\000o\000n}{}% 26
